The system is: Linux - 3.10.0-1160.102.1.el7.x86_64 - x86_64
Compiling the C compiler identification source file "CMakeCCompilerId.c" succeeded.
Compiler: /sw/eb/sw/GCCcore/8.3.0/bin/cc 
Build flags: 
Id flags:  

The output was:
0


Compilation of the C compiler identification source "CMakeCCompilerId.c" produced "a.out"

The C compiler identification is GNU, found in "/scratch/user/weiwu/435-group-proj/Sample_Sort/CMakeFiles/3.12.1/CompilerIdC/a.out"

Compiling the CXX compiler identification source file "CMakeCXXCompilerId.cpp" succeeded.
Compiler: /sw/eb/sw/GCCcore/8.3.0/bin/c++ 
Build flags: 
Id flags:  

The output was:
0


Compilation of the CXX compiler identification source "CMakeCXXCompilerId.cpp" produced "a.out"

The CXX compiler identification is GNU, found in "/scratch/user/weiwu/435-group-proj/Sample_Sort/CMakeFiles/3.12.1/CompilerIdCXX/a.out"

Determining if the C compiler works passed with the following output:
Change Dir: /scratch/user/weiwu/435-group-proj/Sample_Sort/CMakeFiles/CMakeTmp

Run Build Command:"/usr/bin/gmake" "cmTC_7c232/fast"
/usr/bin/gmake -f CMakeFiles/cmTC_7c232.dir/build.make CMakeFiles/cmTC_7c232.dir/build
gmake[1]: Entering directory `/scratch/user/weiwu/435-group-proj/Sample_Sort/CMakeFiles/CMakeTmp'
Building C object CMakeFiles/cmTC_7c232.dir/testCCompiler.c.o
/sw/eb/sw/GCCcore/8.3.0/bin/cc    -o CMakeFiles/cmTC_7c232.dir/testCCompiler.c.o   -c /scratch/user/weiwu/435-group-proj/Sample_Sort/CMakeFiles/CMakeTmp/testCCompiler.c
Linking C executable cmTC_7c232
/sw/eb/sw/CMake/3.12.1/bin/cmake -E cmake_link_script CMakeFiles/cmTC_7c232.dir/link.txt --verbose=1
/sw/eb/sw/GCCcore/8.3.0/bin/cc      -rdynamic CMakeFiles/cmTC_7c232.dir/testCCompiler.c.o  -o cmTC_7c232 
gmake[1]: Leaving directory `/scratch/user/weiwu/435-group-proj/Sample_Sort/CMakeFiles/CMakeTmp'


Detecting C compiler ABI info compiled with the following output:
Change Dir: /scratch/user/weiwu/435-group-proj/Sample_Sort/CMakeFiles/CMakeTmp

Run Build Command:"/usr/bin/gmake" "cmTC_6cff5/fast"
/usr/bin/gmake -f CMakeFiles/cmTC_6cff5.dir/build.make CMakeFiles/cmTC_6cff5.dir/build
gmake[1]: Entering directory `/scratch/user/weiwu/435-group-proj/Sample_Sort/CMakeFiles/CMakeTmp'
Building C object CMakeFiles/cmTC_6cff5.dir/CMakeCCompilerABI.c.o
/sw/eb/sw/GCCcore/8.3.0/bin/cc    -o CMakeFiles/cmTC_6cff5.dir/CMakeCCompilerABI.c.o   -c /sw/eb/sw/CMake/3.12.1/share/cmake-3.12/Modules/CMakeCCompilerABI.c
Linking C executable cmTC_6cff5
/sw/eb/sw/CMake/3.12.1/bin/cmake -E cmake_link_script CMakeFiles/cmTC_6cff5.dir/link.txt --verbose=1
/sw/eb/sw/GCCcore/8.3.0/bin/cc     -v -rdynamic CMakeFiles/cmTC_6cff5.dir/CMakeCCompilerABI.c.o  -o cmTC_6cff5 
Using built-in specs.
COLLECT_GCC=/sw/eb/sw/GCCcore/8.3.0/bin/cc
COLLECT_LTO_WRAPPER=/sw/eb/sw/GCCcore/8.3.0/libexec/gcc/x86_64-pc-linux-gnu/8.3.0/lto-wrapper
Target: x86_64-pc-linux-gnu
Configured with: ../configure --enable-languages=c,c++,fortran --enable-lto --enable-checking=release --disable-multilib --enable-shared=yes --enable-static=yes --enable-threads=posix --enable-plugins --enable-gold=default --enable-ld --with-plugin-ld=ld.gold --prefix=/sw/eb/sw/GCCcore/8.3.0 --with-local-prefix=/sw/eb/sw/GCCcore/8.3.0 --enable-bootstrap --with-isl=/tmp/j-perdue/easybuild/GCCcore/8.3.0/system-system/gcc-8.3.0/stage2_stuff --build=x86_64-pc-linux-gnu --host=x86_64-pc-linux-gnu
Thread model: posix
gcc version 8.3.0 (GCC) 
COMPILER_PATH=/sw/eb/sw/GCCcore/8.3.0/libexec/gcc/x86_64-pc-linux-gnu/8.3.0/:/sw/eb/sw/GCCcore/8.3.0/libexec/gcc/x86_64-pc-linux-gnu/8.3.0/:/sw/eb/sw/GCCcore/8.3.0/libexec/gcc/x86_64-pc-linux-gnu/:/sw/eb/sw/GCCcore/8.3.0/lib/gcc/x86_64-pc-linux-gnu/8.3.0/:/sw/eb/sw/GCCcore/8.3.0/lib/gcc/x86_64-pc-linux-gnu/
LIBRARY_PATH=/sw/eb/sw/PAPI/6.0.0-GCCcore-8.3.0/lib/../lib64/:/sw/eb/sw/zlib/1.2.11-GCCcore-8.3.0/lib/../lib64/:/sw/eb/sw/binutils/2.35/lib/../lib64/:/sw/eb/sw/GCCcore/8.3.0/lib/gcc/x86_64-pc-linux-gnu/8.3.0/:/sw/eb/sw/GCCcore/8.3.0/lib/gcc/x86_64-pc-linux-gnu/8.3.0/../../../../lib64/:/lib/../lib64/:/usr/lib/../lib64/:/sw/eb/sw/PAPI/6.0.0-GCCcore-8.3.0/lib/:/sw/eb/sw/zlib/1.2.11-GCCcore-8.3.0/lib/:/sw/eb/sw/binutils/2.35/lib/:/sw/eb/sw/imkl/2020.4.304-iimpi-2020b/mkl/lib/intel64/:/sw/eb/sw/imkl/2020.4.304-iimpi-2020b/lib/intel64/:/sw/eb/sw/impi/2019.9.304-iccifort-2020.4.304/intel64/libfabric/lib/:/sw/eb/sw/impi/2019.9.304-iccifort-2020.4.304/intel64/lib/release/:/sw/eb/sw/impi/2019.9.304-iccifort-2020.4.304/intel64/lib/:/sw/eb/sw/iccifort/2020.4.304/compilers_and_libraries_2020.4.304/linux/tbb/lib/intel64/gcc4.8/:/sw/eb/sw/GCCcore/8.3.0/lib/gcc/x86_64-pc-linux-gnu/8.3.0/../../../:/lib/:/usr/lib/
COLLECT_GCC_OPTIONS='-v' '-rdynamic' '-o' 'cmTC_6cff5' '-mtune=generic' '-march=x86-64'
 /sw/eb/sw/GCCcore/8.3.0/libexec/gcc/x86_64-pc-linux-gnu/8.3.0/collect2 -plugin /sw/eb/sw/GCCcore/8.3.0/libexec/gcc/x86_64-pc-linux-gnu/8.3.0/liblto_plugin.so -plugin-opt=/sw/eb/sw/GCCcore/8.3.0/libexec/gcc/x86_64-pc-linux-gnu/8.3.0/lto-wrapper -plugin-opt=-fresolution=/tmp/ccrGVNfG.res -plugin-opt=-pass-through=-lgcc -plugin-opt=-pass-through=-lgcc_s -plugin-opt=-pass-through=-lc -plugin-opt=-pass-through=-lgcc -plugin-opt=-pass-through=-lgcc_s --eh-frame-hdr -m elf_x86_64 -export-dynamic -dynamic-linker /lib64/ld-linux-x86-64.so.2 -o cmTC_6cff5 /lib/../lib64/crt1.o /lib/../lib64/crti.o /sw/eb/sw/GCCcore/8.3.0/lib/gcc/x86_64-pc-linux-gnu/8.3.0/crtbegin.o -L/sw/eb/sw/PAPI/6.0.0-GCCcore-8.3.0/lib/../lib64 -L/sw/eb/sw/zlib/1.2.11-GCCcore-8.3.0/lib/../lib64 -L/sw/eb/sw/binutils/2.35/lib/../lib64 -L/sw/eb/sw/GCCcore/8.3.0/lib/gcc/x86_64-pc-linux-gnu/8.3.0 -L/sw/eb/sw/GCCcore/8.3.0/lib/gcc/x86_64-pc-linux-gnu/8.3.0/../../../../lib64 -L/lib/../lib64 -L/usr/lib/../lib64 -L/sw/eb/sw/PAPI/6.0.0-GCCcore-8.3.0/lib -L/sw/eb/sw/zlib/1.2.11-GCCcore-8.3.0/lib -L/sw/eb/sw/binutils/2.35/lib -L/sw/eb/sw/imkl/2020.4.304-iimpi-2020b/mkl/lib/intel64 -L/sw/eb/sw/imkl/2020.4.304-iimpi-2020b/lib/intel64 -L/sw/eb/sw/impi/2019.9.304-iccifort-2020.4.304/intel64/libfabric/lib -L/sw/eb/sw/impi/2019.9.304-iccifort-2020.4.304/intel64/lib/release -L/sw/eb/sw/impi/2019.9.304-iccifort-2020.4.304/intel64/lib -L/sw/eb/sw/iccifort/2020.4.304/compilers_and_libraries_2020.4.304/linux/tbb/lib/intel64/gcc4.8 -L/sw/eb/sw/GCCcore/8.3.0/lib/gcc/x86_64-pc-linux-gnu/8.3.0/../../.. CMakeFiles/cmTC_6cff5.dir/CMakeCCompilerABI.c.o -lgcc --as-needed -lgcc_s --no-as-needed -lc -lgcc --as-needed -lgcc_s --no-as-needed /sw/eb/sw/GCCcore/8.3.0/lib/gcc/x86_64-pc-linux-gnu/8.3.0/crtend.o /lib/../lib64/crtn.o
COLLECT_GCC_OPTIONS='-v' '-rdynamic' '-o' 'cmTC_6cff5' '-mtune=generic' '-march=x86-64'
gmake[1]: Leaving directory `/scratch/user/weiwu/435-group-proj/Sample_Sort/CMakeFiles/CMakeTmp'


Parsed C implicit link information from above output:
  link line regex: [^( *|.*[/\])(ld|CMAKE_LINK_STARTFILE-NOTFOUND|([^/\]+-)?ld|collect2)[^/\]*( |$)]
  ignore line: [Change Dir: /scratch/user/weiwu/435-group-proj/Sample_Sort/CMakeFiles/CMakeTmp]
  ignore line: []
  ignore line: [Run Build Command:"/usr/bin/gmake" "cmTC_6cff5/fast"]
  ignore line: [/usr/bin/gmake -f CMakeFiles/cmTC_6cff5.dir/build.make CMakeFiles/cmTC_6cff5.dir/build]
  ignore line: [gmake[1]: Entering directory `/scratch/user/weiwu/435-group-proj/Sample_Sort/CMakeFiles/CMakeTmp']
  ignore line: [Building C object CMakeFiles/cmTC_6cff5.dir/CMakeCCompilerABI.c.o]
  ignore line: [/sw/eb/sw/GCCcore/8.3.0/bin/cc    -o CMakeFiles/cmTC_6cff5.dir/CMakeCCompilerABI.c.o   -c /sw/eb/sw/CMake/3.12.1/share/cmake-3.12/Modules/CMakeCCompilerABI.c]
  ignore line: [Linking C executable cmTC_6cff5]
  ignore line: [/sw/eb/sw/CMake/3.12.1/bin/cmake -E cmake_link_script CMakeFiles/cmTC_6cff5.dir/link.txt --verbose=1]
  ignore line: [/sw/eb/sw/GCCcore/8.3.0/bin/cc     -v -rdynamic CMakeFiles/cmTC_6cff5.dir/CMakeCCompilerABI.c.o  -o cmTC_6cff5 ]
  ignore line: [Using built-in specs.]
  ignore line: [COLLECT_GCC=/sw/eb/sw/GCCcore/8.3.0/bin/cc]
  ignore line: [COLLECT_LTO_WRAPPER=/sw/eb/sw/GCCcore/8.3.0/libexec/gcc/x86_64-pc-linux-gnu/8.3.0/lto-wrapper]
  ignore line: [Target: x86_64-pc-linux-gnu]
  ignore line: [Configured with: ../configure --enable-languages=c,c++,fortran --enable-lto --enable-checking=release --disable-multilib --enable-shared=yes --enable-static=yes --enable-threads=posix --enable-plugins --enable-gold=default --enable-ld --with-plugin-ld=ld.gold --prefix=/sw/eb/sw/GCCcore/8.3.0 --with-local-prefix=/sw/eb/sw/GCCcore/8.3.0 --enable-bootstrap --with-isl=/tmp/j-perdue/easybuild/GCCcore/8.3.0/system-system/gcc-8.3.0/stage2_stuff --build=x86_64-pc-linux-gnu --host=x86_64-pc-linux-gnu]
  ignore line: [Thread model: posix]
  ignore line: [gcc version 8.3.0 (GCC) ]
  ignore line: [COMPILER_PATH=/sw/eb/sw/GCCcore/8.3.0/libexec/gcc/x86_64-pc-linux-gnu/8.3.0/:/sw/eb/sw/GCCcore/8.3.0/libexec/gcc/x86_64-pc-linux-gnu/8.3.0/:/sw/eb/sw/GCCcore/8.3.0/libexec/gcc/x86_64-pc-linux-gnu/:/sw/eb/sw/GCCcore/8.3.0/lib/gcc/x86_64-pc-linux-gnu/8.3.0/:/sw/eb/sw/GCCcore/8.3.0/lib/gcc/x86_64-pc-linux-gnu/]
  ignore line: [LIBRARY_PATH=/sw/eb/sw/PAPI/6.0.0-GCCcore-8.3.0/lib/../lib64/:/sw/eb/sw/zlib/1.2.11-GCCcore-8.3.0/lib/../lib64/:/sw/eb/sw/binutils/2.35/lib/../lib64/:/sw/eb/sw/GCCcore/8.3.0/lib/gcc/x86_64-pc-linux-gnu/8.3.0/:/sw/eb/sw/GCCcore/8.3.0/lib/gcc/x86_64-pc-linux-gnu/8.3.0/../../../../lib64/:/lib/../lib64/:/usr/lib/../lib64/:/sw/eb/sw/PAPI/6.0.0-GCCcore-8.3.0/lib/:/sw/eb/sw/zlib/1.2.11-GCCcore-8.3.0/lib/:/sw/eb/sw/binutils/2.35/lib/:/sw/eb/sw/imkl/2020.4.304-iimpi-2020b/mkl/lib/intel64/:/sw/eb/sw/imkl/2020.4.304-iimpi-2020b/lib/intel64/:/sw/eb/sw/impi/2019.9.304-iccifort-2020.4.304/intel64/libfabric/lib/:/sw/eb/sw/impi/2019.9.304-iccifort-2020.4.304/intel64/lib/release/:/sw/eb/sw/impi/2019.9.304-iccifort-2020.4.304/intel64/lib/:/sw/eb/sw/iccifort/2020.4.304/compilers_and_libraries_2020.4.304/linux/tbb/lib/intel64/gcc4.8/:/sw/eb/sw/GCCcore/8.3.0/lib/gcc/x86_64-pc-linux-gnu/8.3.0/../../../:/lib/:/usr/lib/]
  ignore line: [COLLECT_GCC_OPTIONS='-v' '-rdynamic' '-o' 'cmTC_6cff5' '-mtune=generic' '-march=x86-64']
  link line: [ /sw/eb/sw/GCCcore/8.3.0/libexec/gcc/x86_64-pc-linux-gnu/8.3.0/collect2 -plugin /sw/eb/sw/GCCcore/8.3.0/libexec/gcc/x86_64-pc-linux-gnu/8.3.0/liblto_plugin.so -plugin-opt=/sw/eb/sw/GCCcore/8.3.0/libexec/gcc/x86_64-pc-linux-gnu/8.3.0/lto-wrapper -plugin-opt=-fresolution=/tmp/ccrGVNfG.res -plugin-opt=-pass-through=-lgcc -plugin-opt=-pass-through=-lgcc_s -plugin-opt=-pass-through=-lc -plugin-opt=-pass-through=-lgcc -plugin-opt=-pass-through=-lgcc_s --eh-frame-hdr -m elf_x86_64 -export-dynamic -dynamic-linker /lib64/ld-linux-x86-64.so.2 -o cmTC_6cff5 /lib/../lib64/crt1.o /lib/../lib64/crti.o /sw/eb/sw/GCCcore/8.3.0/lib/gcc/x86_64-pc-linux-gnu/8.3.0/crtbegin.o -L/sw/eb/sw/PAPI/6.0.0-GCCcore-8.3.0/lib/../lib64 -L/sw/eb/sw/zlib/1.2.11-GCCcore-8.3.0/lib/../lib64 -L/sw/eb/sw/binutils/2.35/lib/../lib64 -L/sw/eb/sw/GCCcore/8.3.0/lib/gcc/x86_64-pc-linux-gnu/8.3.0 -L/sw/eb/sw/GCCcore/8.3.0/lib/gcc/x86_64-pc-linux-gnu/8.3.0/../../../../lib64 -L/lib/../lib64 -L/usr/lib/../lib64 -L/sw/eb/sw/PAPI/6.0.0-GCCcore-8.3.0/lib -L/sw/eb/sw/zlib/1.2.11-GCCcore-8.3.0/lib -L/sw/eb/sw/binutils/2.35/lib -L/sw/eb/sw/imkl/2020.4.304-iimpi-2020b/mkl/lib/intel64 -L/sw/eb/sw/imkl/2020.4.304-iimpi-2020b/lib/intel64 -L/sw/eb/sw/impi/2019.9.304-iccifort-2020.4.304/intel64/libfabric/lib -L/sw/eb/sw/impi/2019.9.304-iccifort-2020.4.304/intel64/lib/release -L/sw/eb/sw/impi/2019.9.304-iccifort-2020.4.304/intel64/lib -L/sw/eb/sw/iccifort/2020.4.304/compilers_and_libraries_2020.4.304/linux/tbb/lib/intel64/gcc4.8 -L/sw/eb/sw/GCCcore/8.3.0/lib/gcc/x86_64-pc-linux-gnu/8.3.0/../../.. CMakeFiles/cmTC_6cff5.dir/CMakeCCompilerABI.c.o -lgcc --as-needed -lgcc_s --no-as-needed -lc -lgcc --as-needed -lgcc_s --no-as-needed /sw/eb/sw/GCCcore/8.3.0/lib/gcc/x86_64-pc-linux-gnu/8.3.0/crtend.o /lib/../lib64/crtn.o]
    arg [/sw/eb/sw/GCCcore/8.3.0/libexec/gcc/x86_64-pc-linux-gnu/8.3.0/collect2] ==> ignore
    arg [-plugin] ==> ignore
    arg [/sw/eb/sw/GCCcore/8.3.0/libexec/gcc/x86_64-pc-linux-gnu/8.3.0/liblto_plugin.so] ==> ignore
    arg [-plugin-opt=/sw/eb/sw/GCCcore/8.3.0/libexec/gcc/x86_64-pc-linux-gnu/8.3.0/lto-wrapper] ==> ignore
    arg [-plugin-opt=-fresolution=/tmp/ccrGVNfG.res] ==> ignore
    arg [-plugin-opt=-pass-through=-lgcc] ==> ignore
    arg [-plugin-opt=-pass-through=-lgcc_s] ==> ignore
    arg [-plugin-opt=-pass-through=-lc] ==> ignore
    arg [-plugin-opt=-pass-through=-lgcc] ==> ignore
    arg [-plugin-opt=-pass-through=-lgcc_s] ==> ignore
    arg [--eh-frame-hdr] ==> ignore
    arg [-m] ==> ignore
    arg [elf_x86_64] ==> ignore
    arg [-export-dynamic] ==> ignore
    arg [-dynamic-linker] ==> ignore
    arg [/lib64/ld-linux-x86-64.so.2] ==> ignore
    arg [-o] ==> ignore
    arg [cmTC_6cff5] ==> ignore
    arg [/lib/../lib64/crt1.o] ==> ignore
    arg [/lib/../lib64/crti.o] ==> ignore
    arg [/sw/eb/sw/GCCcore/8.3.0/lib/gcc/x86_64-pc-linux-gnu/8.3.0/crtbegin.o] ==> ignore
    arg [-L/sw/eb/sw/PAPI/6.0.0-GCCcore-8.3.0/lib/../lib64] ==> dir [/sw/eb/sw/PAPI/6.0.0-GCCcore-8.3.0/lib/../lib64]
    arg [-L/sw/eb/sw/zlib/1.2.11-GCCcore-8.3.0/lib/../lib64] ==> dir [/sw/eb/sw/zlib/1.2.11-GCCcore-8.3.0/lib/../lib64]
    arg [-L/sw/eb/sw/binutils/2.35/lib/../lib64] ==> dir [/sw/eb/sw/binutils/2.35/lib/../lib64]
    arg [-L/sw/eb/sw/GCCcore/8.3.0/lib/gcc/x86_64-pc-linux-gnu/8.3.0] ==> dir [/sw/eb/sw/GCCcore/8.3.0/lib/gcc/x86_64-pc-linux-gnu/8.3.0]
    arg [-L/sw/eb/sw/GCCcore/8.3.0/lib/gcc/x86_64-pc-linux-gnu/8.3.0/../../../../lib64] ==> dir [/sw/eb/sw/GCCcore/8.3.0/lib/gcc/x86_64-pc-linux-gnu/8.3.0/../../../../lib64]
    arg [-L/lib/../lib64] ==> dir [/lib/../lib64]
    arg [-L/usr/lib/../lib64] ==> dir [/usr/lib/../lib64]
    arg [-L/sw/eb/sw/PAPI/6.0.0-GCCcore-8.3.0/lib] ==> dir [/sw/eb/sw/PAPI/6.0.0-GCCcore-8.3.0/lib]
    arg [-L/sw/eb/sw/zlib/1.2.11-GCCcore-8.3.0/lib] ==> dir [/sw/eb/sw/zlib/1.2.11-GCCcore-8.3.0/lib]
    arg [-L/sw/eb/sw/binutils/2.35/lib] ==> dir [/sw/eb/sw/binutils/2.35/lib]
    arg [-L/sw/eb/sw/imkl/2020.4.304-iimpi-2020b/mkl/lib/intel64] ==> dir [/sw/eb/sw/imkl/2020.4.304-iimpi-2020b/mkl/lib/intel64]
    arg [-L/sw/eb/sw/imkl/2020.4.304-iimpi-2020b/lib/intel64] ==> dir [/sw/eb/sw/imkl/2020.4.304-iimpi-2020b/lib/intel64]
    arg [-L/sw/eb/sw/impi/2019.9.304-iccifort-2020.4.304/intel64/libfabric/lib] ==> dir [/sw/eb/sw/impi/2019.9.304-iccifort-2020.4.304/intel64/libfabric/lib]
    arg [-L/sw/eb/sw/impi/2019.9.304-iccifort-2020.4.304/intel64/lib/release] ==> dir [/sw/eb/sw/impi/2019.9.304-iccifort-2020.4.304/intel64/lib/release]
    arg [-L/sw/eb/sw/impi/2019.9.304-iccifort-2020.4.304/intel64/lib] ==> dir [/sw/eb/sw/impi/2019.9.304-iccifort-2020.4.304/intel64/lib]
    arg [-L/sw/eb/sw/iccifort/2020.4.304/compilers_and_libraries_2020.4.304/linux/tbb/lib/intel64/gcc4.8] ==> dir [/sw/eb/sw/iccifort/2020.4.304/compilers_and_libraries_2020.4.304/linux/tbb/lib/intel64/gcc4.8]
    arg [-L/sw/eb/sw/GCCcore/8.3.0/lib/gcc/x86_64-pc-linux-gnu/8.3.0/../../..] ==> dir [/sw/eb/sw/GCCcore/8.3.0/lib/gcc/x86_64-pc-linux-gnu/8.3.0/../../..]
    arg [CMakeFiles/cmTC_6cff5.dir/CMakeCCompilerABI.c.o] ==> ignore
    arg [-lgcc] ==> lib [gcc]
    arg [--as-needed] ==> ignore
    arg [-lgcc_s] ==> lib [gcc_s]
    arg [--no-as-needed] ==> ignore
    arg [-lc] ==> lib [c]
    arg [-lgcc] ==> lib [gcc]
    arg [--as-needed] ==> ignore
    arg [-lgcc_s] ==> lib [gcc_s]
    arg [--no-as-needed] ==> ignore
    arg [/sw/eb/sw/GCCcore/8.3.0/lib/gcc/x86_64-pc-linux-gnu/8.3.0/crtend.o] ==> ignore
    arg [/lib/../lib64/crtn.o] ==> ignore
  collapse library dir [/sw/eb/sw/PAPI/6.0.0-GCCcore-8.3.0/lib/../lib64] ==> [/sw/eb/sw/PAPI/6.0.0-GCCcore-8.3.0/lib64]
  collapse library dir [/sw/eb/sw/zlib/1.2.11-GCCcore-8.3.0/lib/../lib64] ==> [/sw/eb/sw/zlib/1.2.11-GCCcore-8.3.0/lib64]
  collapse library dir [/sw/eb/sw/binutils/2.35/lib/../lib64] ==> [/sw/eb/sw/binutils/2.35/lib64]
  collapse library dir [/sw/eb/sw/GCCcore/8.3.0/lib/gcc/x86_64-pc-linux-gnu/8.3.0] ==> [/sw/eb/sw/GCCcore/8.3.0/lib/gcc/x86_64-pc-linux-gnu/8.3.0]
  collapse library dir [/sw/eb/sw/GCCcore/8.3.0/lib/gcc/x86_64-pc-linux-gnu/8.3.0/../../../../lib64] ==> [/sw/eb/sw/GCCcore/8.3.0/lib64]
  collapse library dir [/lib/../lib64] ==> [/lib64]
  collapse library dir [/usr/lib/../lib64] ==> [/usr/lib64]
  collapse library dir [/sw/eb/sw/PAPI/6.0.0-GCCcore-8.3.0/lib] ==> [/sw/eb/sw/PAPI/6.0.0-GCCcore-8.3.0/lib]
  collapse library dir [/sw/eb/sw/zlib/1.2.11-GCCcore-8.3.0/lib] ==> [/sw/eb/sw/zlib/1.2.11-GCCcore-8.3.0/lib]
  collapse library dir [/sw/eb/sw/binutils/2.35/lib] ==> [/sw/eb/sw/binutils/2.35/lib]
  collapse library dir [/sw/eb/sw/imkl/2020.4.304-iimpi-2020b/mkl/lib/intel64] ==> [/sw/eb/sw/imkl/2020.4.304-iimpi-2020b/mkl/lib/intel64]
  collapse library dir [/sw/eb/sw/imkl/2020.4.304-iimpi-2020b/lib/intel64] ==> [/sw/eb/sw/imkl/2020.4.304-iimpi-2020b/lib/intel64]
  collapse library dir [/sw/eb/sw/impi/2019.9.304-iccifort-2020.4.304/intel64/libfabric/lib] ==> [/sw/eb/sw/impi/2019.9.304-iccifort-2020.4.304/intel64/libfabric/lib]
  collapse library dir [/sw/eb/sw/impi/2019.9.304-iccifort-2020.4.304/intel64/lib/release] ==> [/sw/eb/sw/impi/2019.9.304-iccifort-2020.4.304/intel64/lib/release]
  collapse library dir [/sw/eb/sw/impi/2019.9.304-iccifort-2020.4.304/intel64/lib] ==> [/sw/eb/sw/impi/2019.9.304-iccifort-2020.4.304/intel64/lib]
  collapse library dir [/sw/eb/sw/iccifort/2020.4.304/compilers_and_libraries_2020.4.304/linux/tbb/lib/intel64/gcc4.8] ==> [/sw/eb/sw/iccifort/2020.4.304/compilers_and_libraries_2020.4.304/linux/tbb/lib/intel64/gcc4.8]
  collapse library dir [/sw/eb/sw/GCCcore/8.3.0/lib/gcc/x86_64-pc-linux-gnu/8.3.0/../../..] ==> [/sw/eb/sw/GCCcore/8.3.0/lib]
  implicit libs: [gcc;gcc_s;c;gcc;gcc_s]
  implicit dirs: [/sw/eb/sw/PAPI/6.0.0-GCCcore-8.3.0/lib64;/sw/eb/sw/zlib/1.2.11-GCCcore-8.3.0/lib64;/sw/eb/sw/binutils/2.35/lib64;/sw/eb/sw/GCCcore/8.3.0/lib/gcc/x86_64-pc-linux-gnu/8.3.0;/sw/eb/sw/GCCcore/8.3.0/lib64;/lib64;/usr/lib64;/sw/eb/sw/PAPI/6.0.0-GCCcore-8.3.0/lib;/sw/eb/sw/zlib/1.2.11-GCCcore-8.3.0/lib;/sw/eb/sw/binutils/2.35/lib;/sw/eb/sw/imkl/2020.4.304-iimpi-2020b/mkl/lib/intel64;/sw/eb/sw/imkl/2020.4.304-iimpi-2020b/lib/intel64;/sw/eb/sw/impi/2019.9.304-iccifort-2020.4.304/intel64/libfabric/lib;/sw/eb/sw/impi/2019.9.304-iccifort-2020.4.304/intel64/lib/release;/sw/eb/sw/impi/2019.9.304-iccifort-2020.4.304/intel64/lib;/sw/eb/sw/iccifort/2020.4.304/compilers_and_libraries_2020.4.304/linux/tbb/lib/intel64/gcc4.8;/sw/eb/sw/GCCcore/8.3.0/lib]
  implicit fwks: []




Detecting C [-std=c11] compiler features compiled with the following output:
Change Dir: /scratch/user/weiwu/435-group-proj/Sample_Sort/CMakeFiles/CMakeTmp

Run Build Command:"/usr/bin/gmake" "cmTC_c7fa7/fast"
/usr/bin/gmake -f CMakeFiles/cmTC_c7fa7.dir/build.make CMakeFiles/cmTC_c7fa7.dir/build
gmake[1]: Entering directory `/scratch/user/weiwu/435-group-proj/Sample_Sort/CMakeFiles/CMakeTmp'
Building C object CMakeFiles/cmTC_c7fa7.dir/feature_tests.c.o
/sw/eb/sw/GCCcore/8.3.0/bin/cc   -std=c11 -o CMakeFiles/cmTC_c7fa7.dir/feature_tests.c.o   -c /scratch/user/weiwu/435-group-proj/Sample_Sort/CMakeFiles/feature_tests.c
Linking C executable cmTC_c7fa7
/sw/eb/sw/CMake/3.12.1/bin/cmake -E cmake_link_script CMakeFiles/cmTC_c7fa7.dir/link.txt --verbose=1
/sw/eb/sw/GCCcore/8.3.0/bin/cc      -rdynamic CMakeFiles/cmTC_c7fa7.dir/feature_tests.c.o  -o cmTC_c7fa7 
gmake[1]: Leaving directory `/scratch/user/weiwu/435-group-proj/Sample_Sort/CMakeFiles/CMakeTmp'


    Feature record: C_FEATURE:1c_function_prototypes
    Feature record: C_FEATURE:1c_restrict
    Feature record: C_FEATURE:1c_static_assert
    Feature record: C_FEATURE:1c_variadic_macros


Detecting C [-std=c99] compiler features compiled with the following output:
Change Dir: /scratch/user/weiwu/435-group-proj/Sample_Sort/CMakeFiles/CMakeTmp

Run Build Command:"/usr/bin/gmake" "cmTC_13042/fast"
/usr/bin/gmake -f CMakeFiles/cmTC_13042.dir/build.make CMakeFiles/cmTC_13042.dir/build
gmake[1]: Entering directory `/scratch/user/weiwu/435-group-proj/Sample_Sort/CMakeFiles/CMakeTmp'
Building C object CMakeFiles/cmTC_13042.dir/feature_tests.c.o
/sw/eb/sw/GCCcore/8.3.0/bin/cc   -std=c99 -o CMakeFiles/cmTC_13042.dir/feature_tests.c.o   -c /scratch/user/weiwu/435-group-proj/Sample_Sort/CMakeFiles/feature_tests.c
Linking C executable cmTC_13042
/sw/eb/sw/CMake/3.12.1/bin/cmake -E cmake_link_script CMakeFiles/cmTC_13042.dir/link.txt --verbose=1
/sw/eb/sw/GCCcore/8.3.0/bin/cc      -rdynamic CMakeFiles/cmTC_13042.dir/feature_tests.c.o  -o cmTC_13042 
gmake[1]: Leaving directory `/scratch/user/weiwu/435-group-proj/Sample_Sort/CMakeFiles/CMakeTmp'


    Feature record: C_FEATURE:1c_function_prototypes
    Feature record: C_FEATURE:1c_restrict
    Feature record: C_FEATURE:0c_static_assert
    Feature record: C_FEATURE:1c_variadic_macros


Detecting C [-std=c90] compiler features compiled with the following output:
Change Dir: /scratch/user/weiwu/435-group-proj/Sample_Sort/CMakeFiles/CMakeTmp

Run Build Command:"/usr/bin/gmake" "cmTC_02c71/fast"
/usr/bin/gmake -f CMakeFiles/cmTC_02c71.dir/build.make CMakeFiles/cmTC_02c71.dir/build
gmake[1]: Entering directory `/scratch/user/weiwu/435-group-proj/Sample_Sort/CMakeFiles/CMakeTmp'
Building C object CMakeFiles/cmTC_02c71.dir/feature_tests.c.o
/sw/eb/sw/GCCcore/8.3.0/bin/cc   -std=c90 -o CMakeFiles/cmTC_02c71.dir/feature_tests.c.o   -c /scratch/user/weiwu/435-group-proj/Sample_Sort/CMakeFiles/feature_tests.c
Linking C executable cmTC_02c71
/sw/eb/sw/CMake/3.12.1/bin/cmake -E cmake_link_script CMakeFiles/cmTC_02c71.dir/link.txt --verbose=1
/sw/eb/sw/GCCcore/8.3.0/bin/cc      -rdynamic CMakeFiles/cmTC_02c71.dir/feature_tests.c.o  -o cmTC_02c71 
gmake[1]: Leaving directory `/scratch/user/weiwu/435-group-proj/Sample_Sort/CMakeFiles/CMakeTmp'


    Feature record: C_FEATURE:1c_function_prototypes
    Feature record: C_FEATURE:0c_restrict
    Feature record: C_FEATURE:0c_static_assert
    Feature record: C_FEATURE:0c_variadic_macros
Determining if the CXX compiler works passed with the following output:
Change Dir: /scratch/user/weiwu/435-group-proj/Sample_Sort/CMakeFiles/CMakeTmp

Run Build Command:"/usr/bin/gmake" "cmTC_e2abe/fast"
/usr/bin/gmake -f CMakeFiles/cmTC_e2abe.dir/build.make CMakeFiles/cmTC_e2abe.dir/build
gmake[1]: Entering directory `/scratch/user/weiwu/435-group-proj/Sample_Sort/CMakeFiles/CMakeTmp'
Building CXX object CMakeFiles/cmTC_e2abe.dir/testCXXCompiler.cxx.o
/sw/eb/sw/GCCcore/8.3.0/bin/c++     -o CMakeFiles/cmTC_e2abe.dir/testCXXCompiler.cxx.o -c /scratch/user/weiwu/435-group-proj/Sample_Sort/CMakeFiles/CMakeTmp/testCXXCompiler.cxx
Linking CXX executable cmTC_e2abe
/sw/eb/sw/CMake/3.12.1/bin/cmake -E cmake_link_script CMakeFiles/cmTC_e2abe.dir/link.txt --verbose=1
/sw/eb/sw/GCCcore/8.3.0/bin/c++       -rdynamic CMakeFiles/cmTC_e2abe.dir/testCXXCompiler.cxx.o  -o cmTC_e2abe 
gmake[1]: Leaving directory `/scratch/user/weiwu/435-group-proj/Sample_Sort/CMakeFiles/CMakeTmp'


Detecting CXX compiler ABI info compiled with the following output:
Change Dir: /scratch/user/weiwu/435-group-proj/Sample_Sort/CMakeFiles/CMakeTmp

Run Build Command:"/usr/bin/gmake" "cmTC_17f41/fast"
/usr/bin/gmake -f CMakeFiles/cmTC_17f41.dir/build.make CMakeFiles/cmTC_17f41.dir/build
gmake[1]: Entering directory `/scratch/user/weiwu/435-group-proj/Sample_Sort/CMakeFiles/CMakeTmp'
Building CXX object CMakeFiles/cmTC_17f41.dir/CMakeCXXCompilerABI.cpp.o
/sw/eb/sw/GCCcore/8.3.0/bin/c++     -o CMakeFiles/cmTC_17f41.dir/CMakeCXXCompilerABI.cpp.o -c /sw/eb/sw/CMake/3.12.1/share/cmake-3.12/Modules/CMakeCXXCompilerABI.cpp
Linking CXX executable cmTC_17f41
/sw/eb/sw/CMake/3.12.1/bin/cmake -E cmake_link_script CMakeFiles/cmTC_17f41.dir/link.txt --verbose=1
/sw/eb/sw/GCCcore/8.3.0/bin/c++      -v -rdynamic CMakeFiles/cmTC_17f41.dir/CMakeCXXCompilerABI.cpp.o  -o cmTC_17f41 
Using built-in specs.
COLLECT_GCC=/sw/eb/sw/GCCcore/8.3.0/bin/c++
COLLECT_LTO_WRAPPER=/sw/eb/sw/GCCcore/8.3.0/libexec/gcc/x86_64-pc-linux-gnu/8.3.0/lto-wrapper
Target: x86_64-pc-linux-gnu
Configured with: ../configure --enable-languages=c,c++,fortran --enable-lto --enable-checking=release --disable-multilib --enable-shared=yes --enable-static=yes --enable-threads=posix --enable-plugins --enable-gold=default --enable-ld --with-plugin-ld=ld.gold --prefix=/sw/eb/sw/GCCcore/8.3.0 --with-local-prefix=/sw/eb/sw/GCCcore/8.3.0 --enable-bootstrap --with-isl=/tmp/j-perdue/easybuild/GCCcore/8.3.0/system-system/gcc-8.3.0/stage2_stuff --build=x86_64-pc-linux-gnu --host=x86_64-pc-linux-gnu
Thread model: posix
gcc version 8.3.0 (GCC) 
COMPILER_PATH=/sw/eb/sw/GCCcore/8.3.0/libexec/gcc/x86_64-pc-linux-gnu/8.3.0/:/sw/eb/sw/GCCcore/8.3.0/libexec/gcc/x86_64-pc-linux-gnu/8.3.0/:/sw/eb/sw/GCCcore/8.3.0/libexec/gcc/x86_64-pc-linux-gnu/:/sw/eb/sw/GCCcore/8.3.0/lib/gcc/x86_64-pc-linux-gnu/8.3.0/:/sw/eb/sw/GCCcore/8.3.0/lib/gcc/x86_64-pc-linux-gnu/
LIBRARY_PATH=/sw/eb/sw/PAPI/6.0.0-GCCcore-8.3.0/lib/../lib64/:/sw/eb/sw/zlib/1.2.11-GCCcore-8.3.0/lib/../lib64/:/sw/eb/sw/binutils/2.35/lib/../lib64/:/sw/eb/sw/GCCcore/8.3.0/lib/gcc/x86_64-pc-linux-gnu/8.3.0/:/sw/eb/sw/GCCcore/8.3.0/lib/gcc/x86_64-pc-linux-gnu/8.3.0/../../../../lib64/:/lib/../lib64/:/usr/lib/../lib64/:/sw/eb/sw/PAPI/6.0.0-GCCcore-8.3.0/lib/:/sw/eb/sw/zlib/1.2.11-GCCcore-8.3.0/lib/:/sw/eb/sw/binutils/2.35/lib/:/sw/eb/sw/imkl/2020.4.304-iimpi-2020b/mkl/lib/intel64/:/sw/eb/sw/imkl/2020.4.304-iimpi-2020b/lib/intel64/:/sw/eb/sw/impi/2019.9.304-iccifort-2020.4.304/intel64/libfabric/lib/:/sw/eb/sw/impi/2019.9.304-iccifort-2020.4.304/intel64/lib/release/:/sw/eb/sw/impi/2019.9.304-iccifort-2020.4.304/intel64/lib/:/sw/eb/sw/iccifort/2020.4.304/compilers_and_libraries_2020.4.304/linux/tbb/lib/intel64/gcc4.8/:/sw/eb/sw/GCCcore/8.3.0/lib/gcc/x86_64-pc-linux-gnu/8.3.0/../../../:/lib/:/usr/lib/
COLLECT_GCC_OPTIONS='-v' '-rdynamic' '-o' 'cmTC_17f41' '-shared-libgcc' '-mtune=generic' '-march=x86-64'
 /sw/eb/sw/GCCcore/8.3.0/libexec/gcc/x86_64-pc-linux-gnu/8.3.0/collect2 -plugin /sw/eb/sw/GCCcore/8.3.0/libexec/gcc/x86_64-pc-linux-gnu/8.3.0/liblto_plugin.so -plugin-opt=/sw/eb/sw/GCCcore/8.3.0/libexec/gcc/x86_64-pc-linux-gnu/8.3.0/lto-wrapper -plugin-opt=-fresolution=/tmp/ccP0AGn6.res -plugin-opt=-pass-through=-lgcc_s -plugin-opt=-pass-through=-lgcc -plugin-opt=-pass-through=-lc -plugin-opt=-pass-through=-lgcc_s -plugin-opt=-pass-through=-lgcc --eh-frame-hdr -m elf_x86_64 -export-dynamic -dynamic-linker /lib64/ld-linux-x86-64.so.2 -o cmTC_17f41 /lib/../lib64/crt1.o /lib/../lib64/crti.o /sw/eb/sw/GCCcore/8.3.0/lib/gcc/x86_64-pc-linux-gnu/8.3.0/crtbegin.o -L/sw/eb/sw/PAPI/6.0.0-GCCcore-8.3.0/lib/../lib64 -L/sw/eb/sw/zlib/1.2.11-GCCcore-8.3.0/lib/../lib64 -L/sw/eb/sw/binutils/2.35/lib/../lib64 -L/sw/eb/sw/GCCcore/8.3.0/lib/gcc/x86_64-pc-linux-gnu/8.3.0 -L/sw/eb/sw/GCCcore/8.3.0/lib/gcc/x86_64-pc-linux-gnu/8.3.0/../../../../lib64 -L/lib/../lib64 -L/usr/lib/../lib64 -L/sw/eb/sw/PAPI/6.0.0-GCCcore-8.3.0/lib -L/sw/eb/sw/zlib/1.2.11-GCCcore-8.3.0/lib -L/sw/eb/sw/binutils/2.35/lib -L/sw/eb/sw/imkl/2020.4.304-iimpi-2020b/mkl/lib/intel64 -L/sw/eb/sw/imkl/2020.4.304-iimpi-2020b/lib/intel64 -L/sw/eb/sw/impi/2019.9.304-iccifort-2020.4.304/intel64/libfabric/lib -L/sw/eb/sw/impi/2019.9.304-iccifort-2020.4.304/intel64/lib/release -L/sw/eb/sw/impi/2019.9.304-iccifort-2020.4.304/intel64/lib -L/sw/eb/sw/iccifort/2020.4.304/compilers_and_libraries_2020.4.304/linux/tbb/lib/intel64/gcc4.8 -L/sw/eb/sw/GCCcore/8.3.0/lib/gcc/x86_64-pc-linux-gnu/8.3.0/../../.. CMakeFiles/cmTC_17f41.dir/CMakeCXXCompilerABI.cpp.o -lstdc++ -lm -lgcc_s -lgcc -lc -lgcc_s -lgcc /sw/eb/sw/GCCcore/8.3.0/lib/gcc/x86_64-pc-linux-gnu/8.3.0/crtend.o /lib/../lib64/crtn.o
COLLECT_GCC_OPTIONS='-v' '-rdynamic' '-o' 'cmTC_17f41' '-shared-libgcc' '-mtune=generic' '-march=x86-64'
gmake[1]: Leaving directory `/scratch/user/weiwu/435-group-proj/Sample_Sort/CMakeFiles/CMakeTmp'


Parsed CXX implicit link information from above output:
  link line regex: [^( *|.*[/\])(ld|CMAKE_LINK_STARTFILE-NOTFOUND|([^/\]+-)?ld|collect2)[^/\]*( |$)]
  ignore line: [Change Dir: /scratch/user/weiwu/435-group-proj/Sample_Sort/CMakeFiles/CMakeTmp]
  ignore line: []
  ignore line: [Run Build Command:"/usr/bin/gmake" "cmTC_17f41/fast"]
  ignore line: [/usr/bin/gmake -f CMakeFiles/cmTC_17f41.dir/build.make CMakeFiles/cmTC_17f41.dir/build]
  ignore line: [gmake[1]: Entering directory `/scratch/user/weiwu/435-group-proj/Sample_Sort/CMakeFiles/CMakeTmp']
  ignore line: [Building CXX object CMakeFiles/cmTC_17f41.dir/CMakeCXXCompilerABI.cpp.o]
  ignore line: [/sw/eb/sw/GCCcore/8.3.0/bin/c++     -o CMakeFiles/cmTC_17f41.dir/CMakeCXXCompilerABI.cpp.o -c /sw/eb/sw/CMake/3.12.1/share/cmake-3.12/Modules/CMakeCXXCompilerABI.cpp]
  ignore line: [Linking CXX executable cmTC_17f41]
  ignore line: [/sw/eb/sw/CMake/3.12.1/bin/cmake -E cmake_link_script CMakeFiles/cmTC_17f41.dir/link.txt --verbose=1]
  ignore line: [/sw/eb/sw/GCCcore/8.3.0/bin/c++      -v -rdynamic CMakeFiles/cmTC_17f41.dir/CMakeCXXCompilerABI.cpp.o  -o cmTC_17f41 ]
  ignore line: [Using built-in specs.]
  ignore line: [COLLECT_GCC=/sw/eb/sw/GCCcore/8.3.0/bin/c++]
  ignore line: [COLLECT_LTO_WRAPPER=/sw/eb/sw/GCCcore/8.3.0/libexec/gcc/x86_64-pc-linux-gnu/8.3.0/lto-wrapper]
  ignore line: [Target: x86_64-pc-linux-gnu]
  ignore line: [Configured with: ../configure --enable-languages=c,c++,fortran --enable-lto --enable-checking=release --disable-multilib --enable-shared=yes --enable-static=yes --enable-threads=posix --enable-plugins --enable-gold=default --enable-ld --with-plugin-ld=ld.gold --prefix=/sw/eb/sw/GCCcore/8.3.0 --with-local-prefix=/sw/eb/sw/GCCcore/8.3.0 --enable-bootstrap --with-isl=/tmp/j-perdue/easybuild/GCCcore/8.3.0/system-system/gcc-8.3.0/stage2_stuff --build=x86_64-pc-linux-gnu --host=x86_64-pc-linux-gnu]
  ignore line: [Thread model: posix]
  ignore line: [gcc version 8.3.0 (GCC) ]
  ignore line: [COMPILER_PATH=/sw/eb/sw/GCCcore/8.3.0/libexec/gcc/x86_64-pc-linux-gnu/8.3.0/:/sw/eb/sw/GCCcore/8.3.0/libexec/gcc/x86_64-pc-linux-gnu/8.3.0/:/sw/eb/sw/GCCcore/8.3.0/libexec/gcc/x86_64-pc-linux-gnu/:/sw/eb/sw/GCCcore/8.3.0/lib/gcc/x86_64-pc-linux-gnu/8.3.0/:/sw/eb/sw/GCCcore/8.3.0/lib/gcc/x86_64-pc-linux-gnu/]
  ignore line: [LIBRARY_PATH=/sw/eb/sw/PAPI/6.0.0-GCCcore-8.3.0/lib/../lib64/:/sw/eb/sw/zlib/1.2.11-GCCcore-8.3.0/lib/../lib64/:/sw/eb/sw/binutils/2.35/lib/../lib64/:/sw/eb/sw/GCCcore/8.3.0/lib/gcc/x86_64-pc-linux-gnu/8.3.0/:/sw/eb/sw/GCCcore/8.3.0/lib/gcc/x86_64-pc-linux-gnu/8.3.0/../../../../lib64/:/lib/../lib64/:/usr/lib/../lib64/:/sw/eb/sw/PAPI/6.0.0-GCCcore-8.3.0/lib/:/sw/eb/sw/zlib/1.2.11-GCCcore-8.3.0/lib/:/sw/eb/sw/binutils/2.35/lib/:/sw/eb/sw/imkl/2020.4.304-iimpi-2020b/mkl/lib/intel64/:/sw/eb/sw/imkl/2020.4.304-iimpi-2020b/lib/intel64/:/sw/eb/sw/impi/2019.9.304-iccifort-2020.4.304/intel64/libfabric/lib/:/sw/eb/sw/impi/2019.9.304-iccifort-2020.4.304/intel64/lib/release/:/sw/eb/sw/impi/2019.9.304-iccifort-2020.4.304/intel64/lib/:/sw/eb/sw/iccifort/2020.4.304/compilers_and_libraries_2020.4.304/linux/tbb/lib/intel64/gcc4.8/:/sw/eb/sw/GCCcore/8.3.0/lib/gcc/x86_64-pc-linux-gnu/8.3.0/../../../:/lib/:/usr/lib/]
  ignore line: [COLLECT_GCC_OPTIONS='-v' '-rdynamic' '-o' 'cmTC_17f41' '-shared-libgcc' '-mtune=generic' '-march=x86-64']
  link line: [ /sw/eb/sw/GCCcore/8.3.0/libexec/gcc/x86_64-pc-linux-gnu/8.3.0/collect2 -plugin /sw/eb/sw/GCCcore/8.3.0/libexec/gcc/x86_64-pc-linux-gnu/8.3.0/liblto_plugin.so -plugin-opt=/sw/eb/sw/GCCcore/8.3.0/libexec/gcc/x86_64-pc-linux-gnu/8.3.0/lto-wrapper -plugin-opt=-fresolution=/tmp/ccP0AGn6.res -plugin-opt=-pass-through=-lgcc_s -plugin-opt=-pass-through=-lgcc -plugin-opt=-pass-through=-lc -plugin-opt=-pass-through=-lgcc_s -plugin-opt=-pass-through=-lgcc --eh-frame-hdr -m elf_x86_64 -export-dynamic -dynamic-linker /lib64/ld-linux-x86-64.so.2 -o cmTC_17f41 /lib/../lib64/crt1.o /lib/../lib64/crti.o /sw/eb/sw/GCCcore/8.3.0/lib/gcc/x86_64-pc-linux-gnu/8.3.0/crtbegin.o -L/sw/eb/sw/PAPI/6.0.0-GCCcore-8.3.0/lib/../lib64 -L/sw/eb/sw/zlib/1.2.11-GCCcore-8.3.0/lib/../lib64 -L/sw/eb/sw/binutils/2.35/lib/../lib64 -L/sw/eb/sw/GCCcore/8.3.0/lib/gcc/x86_64-pc-linux-gnu/8.3.0 -L/sw/eb/sw/GCCcore/8.3.0/lib/gcc/x86_64-pc-linux-gnu/8.3.0/../../../../lib64 -L/lib/../lib64 -L/usr/lib/../lib64 -L/sw/eb/sw/PAPI/6.0.0-GCCcore-8.3.0/lib -L/sw/eb/sw/zlib/1.2.11-GCCcore-8.3.0/lib -L/sw/eb/sw/binutils/2.35/lib -L/sw/eb/sw/imkl/2020.4.304-iimpi-2020b/mkl/lib/intel64 -L/sw/eb/sw/imkl/2020.4.304-iimpi-2020b/lib/intel64 -L/sw/eb/sw/impi/2019.9.304-iccifort-2020.4.304/intel64/libfabric/lib -L/sw/eb/sw/impi/2019.9.304-iccifort-2020.4.304/intel64/lib/release -L/sw/eb/sw/impi/2019.9.304-iccifort-2020.4.304/intel64/lib -L/sw/eb/sw/iccifort/2020.4.304/compilers_and_libraries_2020.4.304/linux/tbb/lib/intel64/gcc4.8 -L/sw/eb/sw/GCCcore/8.3.0/lib/gcc/x86_64-pc-linux-gnu/8.3.0/../../.. CMakeFiles/cmTC_17f41.dir/CMakeCXXCompilerABI.cpp.o -lstdc++ -lm -lgcc_s -lgcc -lc -lgcc_s -lgcc /sw/eb/sw/GCCcore/8.3.0/lib/gcc/x86_64-pc-linux-gnu/8.3.0/crtend.o /lib/../lib64/crtn.o]
    arg [/sw/eb/sw/GCCcore/8.3.0/libexec/gcc/x86_64-pc-linux-gnu/8.3.0/collect2] ==> ignore
    arg [-plugin] ==> ignore
    arg [/sw/eb/sw/GCCcore/8.3.0/libexec/gcc/x86_64-pc-linux-gnu/8.3.0/liblto_plugin.so] ==> ignore
    arg [-plugin-opt=/sw/eb/sw/GCCcore/8.3.0/libexec/gcc/x86_64-pc-linux-gnu/8.3.0/lto-wrapper] ==> ignore
    arg [-plugin-opt=-fresolution=/tmp/ccP0AGn6.res] ==> ignore
    arg [-plugin-opt=-pass-through=-lgcc_s] ==> ignore
    arg [-plugin-opt=-pass-through=-lgcc] ==> ignore
    arg [-plugin-opt=-pass-through=-lc] ==> ignore
    arg [-plugin-opt=-pass-through=-lgcc_s] ==> ignore
    arg [-plugin-opt=-pass-through=-lgcc] ==> ignore
    arg [--eh-frame-hdr] ==> ignore
    arg [-m] ==> ignore
    arg [elf_x86_64] ==> ignore
    arg [-export-dynamic] ==> ignore
    arg [-dynamic-linker] ==> ignore
    arg [/lib64/ld-linux-x86-64.so.2] ==> ignore
    arg [-o] ==> ignore
    arg [cmTC_17f41] ==> ignore
    arg [/lib/../lib64/crt1.o] ==> ignore
    arg [/lib/../lib64/crti.o] ==> ignore
    arg [/sw/eb/sw/GCCcore/8.3.0/lib/gcc/x86_64-pc-linux-gnu/8.3.0/crtbegin.o] ==> ignore
    arg [-L/sw/eb/sw/PAPI/6.0.0-GCCcore-8.3.0/lib/../lib64] ==> dir [/sw/eb/sw/PAPI/6.0.0-GCCcore-8.3.0/lib/../lib64]
    arg [-L/sw/eb/sw/zlib/1.2.11-GCCcore-8.3.0/lib/../lib64] ==> dir [/sw/eb/sw/zlib/1.2.11-GCCcore-8.3.0/lib/../lib64]
    arg [-L/sw/eb/sw/binutils/2.35/lib/../lib64] ==> dir [/sw/eb/sw/binutils/2.35/lib/../lib64]
    arg [-L/sw/eb/sw/GCCcore/8.3.0/lib/gcc/x86_64-pc-linux-gnu/8.3.0] ==> dir [/sw/eb/sw/GCCcore/8.3.0/lib/gcc/x86_64-pc-linux-gnu/8.3.0]
    arg [-L/sw/eb/sw/GCCcore/8.3.0/lib/gcc/x86_64-pc-linux-gnu/8.3.0/../../../../lib64] ==> dir [/sw/eb/sw/GCCcore/8.3.0/lib/gcc/x86_64-pc-linux-gnu/8.3.0/../../../../lib64]
    arg [-L/lib/../lib64] ==> dir [/lib/../lib64]
    arg [-L/usr/lib/../lib64] ==> dir [/usr/lib/../lib64]
    arg [-L/sw/eb/sw/PAPI/6.0.0-GCCcore-8.3.0/lib] ==> dir [/sw/eb/sw/PAPI/6.0.0-GCCcore-8.3.0/lib]
    arg [-L/sw/eb/sw/zlib/1.2.11-GCCcore-8.3.0/lib] ==> dir [/sw/eb/sw/zlib/1.2.11-GCCcore-8.3.0/lib]
    arg [-L/sw/eb/sw/binutils/2.35/lib] ==> dir [/sw/eb/sw/binutils/2.35/lib]
    arg [-L/sw/eb/sw/imkl/2020.4.304-iimpi-2020b/mkl/lib/intel64] ==> dir [/sw/eb/sw/imkl/2020.4.304-iimpi-2020b/mkl/lib/intel64]
    arg [-L/sw/eb/sw/imkl/2020.4.304-iimpi-2020b/lib/intel64] ==> dir [/sw/eb/sw/imkl/2020.4.304-iimpi-2020b/lib/intel64]
    arg [-L/sw/eb/sw/impi/2019.9.304-iccifort-2020.4.304/intel64/libfabric/lib] ==> dir [/sw/eb/sw/impi/2019.9.304-iccifort-2020.4.304/intel64/libfabric/lib]
    arg [-L/sw/eb/sw/impi/2019.9.304-iccifort-2020.4.304/intel64/lib/release] ==> dir [/sw/eb/sw/impi/2019.9.304-iccifort-2020.4.304/intel64/lib/release]
    arg [-L/sw/eb/sw/impi/2019.9.304-iccifort-2020.4.304/intel64/lib] ==> dir [/sw/eb/sw/impi/2019.9.304-iccifort-2020.4.304/intel64/lib]
    arg [-L/sw/eb/sw/iccifort/2020.4.304/compilers_and_libraries_2020.4.304/linux/tbb/lib/intel64/gcc4.8] ==> dir [/sw/eb/sw/iccifort/2020.4.304/compilers_and_libraries_2020.4.304/linux/tbb/lib/intel64/gcc4.8]
    arg [-L/sw/eb/sw/GCCcore/8.3.0/lib/gcc/x86_64-pc-linux-gnu/8.3.0/../../..] ==> dir [/sw/eb/sw/GCCcore/8.3.0/lib/gcc/x86_64-pc-linux-gnu/8.3.0/../../..]
    arg [CMakeFiles/cmTC_17f41.dir/CMakeCXXCompilerABI.cpp.o] ==> ignore
    arg [-lstdc++] ==> lib [stdc++]
    arg [-lm] ==> lib [m]
    arg [-lgcc_s] ==> lib [gcc_s]
    arg [-lgcc] ==> lib [gcc]
    arg [-lc] ==> lib [c]
    arg [-lgcc_s] ==> lib [gcc_s]
    arg [-lgcc] ==> lib [gcc]
    arg [/sw/eb/sw/GCCcore/8.3.0/lib/gcc/x86_64-pc-linux-gnu/8.3.0/crtend.o] ==> ignore
    arg [/lib/../lib64/crtn.o] ==> ignore
  collapse library dir [/sw/eb/sw/PAPI/6.0.0-GCCcore-8.3.0/lib/../lib64] ==> [/sw/eb/sw/PAPI/6.0.0-GCCcore-8.3.0/lib64]
  collapse library dir [/sw/eb/sw/zlib/1.2.11-GCCcore-8.3.0/lib/../lib64] ==> [/sw/eb/sw/zlib/1.2.11-GCCcore-8.3.0/lib64]
  collapse library dir [/sw/eb/sw/binutils/2.35/lib/../lib64] ==> [/sw/eb/sw/binutils/2.35/lib64]
  collapse library dir [/sw/eb/sw/GCCcore/8.3.0/lib/gcc/x86_64-pc-linux-gnu/8.3.0] ==> [/sw/eb/sw/GCCcore/8.3.0/lib/gcc/x86_64-pc-linux-gnu/8.3.0]
  collapse library dir [/sw/eb/sw/GCCcore/8.3.0/lib/gcc/x86_64-pc-linux-gnu/8.3.0/../../../../lib64] ==> [/sw/eb/sw/GCCcore/8.3.0/lib64]
  collapse library dir [/lib/../lib64] ==> [/lib64]
  collapse library dir [/usr/lib/../lib64] ==> [/usr/lib64]
  collapse library dir [/sw/eb/sw/PAPI/6.0.0-GCCcore-8.3.0/lib] ==> [/sw/eb/sw/PAPI/6.0.0-GCCcore-8.3.0/lib]
  collapse library dir [/sw/eb/sw/zlib/1.2.11-GCCcore-8.3.0/lib] ==> [/sw/eb/sw/zlib/1.2.11-GCCcore-8.3.0/lib]
  collapse library dir [/sw/eb/sw/binutils/2.35/lib] ==> [/sw/eb/sw/binutils/2.35/lib]
  collapse library dir [/sw/eb/sw/imkl/2020.4.304-iimpi-2020b/mkl/lib/intel64] ==> [/sw/eb/sw/imkl/2020.4.304-iimpi-2020b/mkl/lib/intel64]
  collapse library dir [/sw/eb/sw/imkl/2020.4.304-iimpi-2020b/lib/intel64] ==> [/sw/eb/sw/imkl/2020.4.304-iimpi-2020b/lib/intel64]
  collapse library dir [/sw/eb/sw/impi/2019.9.304-iccifort-2020.4.304/intel64/libfabric/lib] ==> [/sw/eb/sw/impi/2019.9.304-iccifort-2020.4.304/intel64/libfabric/lib]
  collapse library dir [/sw/eb/sw/impi/2019.9.304-iccifort-2020.4.304/intel64/lib/release] ==> [/sw/eb/sw/impi/2019.9.304-iccifort-2020.4.304/intel64/lib/release]
  collapse library dir [/sw/eb/sw/impi/2019.9.304-iccifort-2020.4.304/intel64/lib] ==> [/sw/eb/sw/impi/2019.9.304-iccifort-2020.4.304/intel64/lib]
  collapse library dir [/sw/eb/sw/iccifort/2020.4.304/compilers_and_libraries_2020.4.304/linux/tbb/lib/intel64/gcc4.8] ==> [/sw/eb/sw/iccifort/2020.4.304/compilers_and_libraries_2020.4.304/linux/tbb/lib/intel64/gcc4.8]
  collapse library dir [/sw/eb/sw/GCCcore/8.3.0/lib/gcc/x86_64-pc-linux-gnu/8.3.0/../../..] ==> [/sw/eb/sw/GCCcore/8.3.0/lib]
  implicit libs: [stdc++;m;gcc_s;gcc;c;gcc_s;gcc]
  implicit dirs: [/sw/eb/sw/PAPI/6.0.0-GCCcore-8.3.0/lib64;/sw/eb/sw/zlib/1.2.11-GCCcore-8.3.0/lib64;/sw/eb/sw/binutils/2.35/lib64;/sw/eb/sw/GCCcore/8.3.0/lib/gcc/x86_64-pc-linux-gnu/8.3.0;/sw/eb/sw/GCCcore/8.3.0/lib64;/lib64;/usr/lib64;/sw/eb/sw/PAPI/6.0.0-GCCcore-8.3.0/lib;/sw/eb/sw/zlib/1.2.11-GCCcore-8.3.0/lib;/sw/eb/sw/binutils/2.35/lib;/sw/eb/sw/imkl/2020.4.304-iimpi-2020b/mkl/lib/intel64;/sw/eb/sw/imkl/2020.4.304-iimpi-2020b/lib/intel64;/sw/eb/sw/impi/2019.9.304-iccifort-2020.4.304/intel64/libfabric/lib;/sw/eb/sw/impi/2019.9.304-iccifort-2020.4.304/intel64/lib/release;/sw/eb/sw/impi/2019.9.304-iccifort-2020.4.304/intel64/lib;/sw/eb/sw/iccifort/2020.4.304/compilers_and_libraries_2020.4.304/linux/tbb/lib/intel64/gcc4.8;/sw/eb/sw/GCCcore/8.3.0/lib]
  implicit fwks: []




Detecting CXX [-std=c++2a] compiler features compiled with the following output:
Change Dir: /scratch/user/weiwu/435-group-proj/Sample_Sort/CMakeFiles/CMakeTmp

Run Build Command:"/usr/bin/gmake" "cmTC_85d32/fast"
/usr/bin/gmake -f CMakeFiles/cmTC_85d32.dir/build.make CMakeFiles/cmTC_85d32.dir/build
gmake[1]: Entering directory `/scratch/user/weiwu/435-group-proj/Sample_Sort/CMakeFiles/CMakeTmp'
Building CXX object CMakeFiles/cmTC_85d32.dir/feature_tests.cxx.o
/sw/eb/sw/GCCcore/8.3.0/bin/c++    -std=c++2a -o CMakeFiles/cmTC_85d32.dir/feature_tests.cxx.o -c /scratch/user/weiwu/435-group-proj/Sample_Sort/CMakeFiles/feature_tests.cxx
Linking CXX executable cmTC_85d32
/sw/eb/sw/CMake/3.12.1/bin/cmake -E cmake_link_script CMakeFiles/cmTC_85d32.dir/link.txt --verbose=1
/sw/eb/sw/GCCcore/8.3.0/bin/c++       -rdynamic CMakeFiles/cmTC_85d32.dir/feature_tests.cxx.o  -o cmTC_85d32 
gmake[1]: Leaving directory `/scratch/user/weiwu/435-group-proj/Sample_Sort/CMakeFiles/CMakeTmp'


    Feature record: CXX_FEATURE:1cxx_aggregate_default_initializers
    Feature record: CXX_FEATURE:1cxx_alias_templates
    Feature record: CXX_FEATURE:1cxx_alignas
    Feature record: CXX_FEATURE:1cxx_alignof
    Feature record: CXX_FEATURE:1cxx_attributes
    Feature record: CXX_FEATURE:1cxx_attribute_deprecated
    Feature record: CXX_FEATURE:1cxx_auto_type
    Feature record: CXX_FEATURE:1cxx_binary_literals
    Feature record: CXX_FEATURE:1cxx_constexpr
    Feature record: CXX_FEATURE:1cxx_contextual_conversions
    Feature record: CXX_FEATURE:1cxx_decltype
    Feature record: CXX_FEATURE:1cxx_decltype_auto
    Feature record: CXX_FEATURE:1cxx_decltype_incomplete_return_types
    Feature record: CXX_FEATURE:1cxx_default_function_template_args
    Feature record: CXX_FEATURE:1cxx_defaulted_functions
    Feature record: CXX_FEATURE:1cxx_defaulted_move_initializers
    Feature record: CXX_FEATURE:1cxx_delegating_constructors
    Feature record: CXX_FEATURE:1cxx_deleted_functions
    Feature record: CXX_FEATURE:1cxx_digit_separators
    Feature record: CXX_FEATURE:1cxx_enum_forward_declarations
    Feature record: CXX_FEATURE:1cxx_explicit_conversions
    Feature record: CXX_FEATURE:1cxx_extended_friend_declarations
    Feature record: CXX_FEATURE:1cxx_extern_templates
    Feature record: CXX_FEATURE:1cxx_final
    Feature record: CXX_FEATURE:1cxx_func_identifier
    Feature record: CXX_FEATURE:1cxx_generalized_initializers
    Feature record: CXX_FEATURE:1cxx_generic_lambdas
    Feature record: CXX_FEATURE:1cxx_inheriting_constructors
    Feature record: CXX_FEATURE:1cxx_inline_namespaces
    Feature record: CXX_FEATURE:1cxx_lambdas
    Feature record: CXX_FEATURE:1cxx_lambda_init_captures
    Feature record: CXX_FEATURE:1cxx_local_type_template_args
    Feature record: CXX_FEATURE:1cxx_long_long_type
    Feature record: CXX_FEATURE:1cxx_noexcept
    Feature record: CXX_FEATURE:1cxx_nonstatic_member_init
    Feature record: CXX_FEATURE:1cxx_nullptr
    Feature record: CXX_FEATURE:1cxx_override
    Feature record: CXX_FEATURE:1cxx_range_for
    Feature record: CXX_FEATURE:1cxx_raw_string_literals
    Feature record: CXX_FEATURE:1cxx_reference_qualified_functions
    Feature record: CXX_FEATURE:1cxx_relaxed_constexpr
    Feature record: CXX_FEATURE:1cxx_return_type_deduction
    Feature record: CXX_FEATURE:1cxx_right_angle_brackets
    Feature record: CXX_FEATURE:1cxx_rvalue_references
    Feature record: CXX_FEATURE:1cxx_sizeof_member
    Feature record: CXX_FEATURE:1cxx_static_assert
    Feature record: CXX_FEATURE:1cxx_strong_enums
    Feature record: CXX_FEATURE:1cxx_template_template_parameters
    Feature record: CXX_FEATURE:1cxx_thread_local
    Feature record: CXX_FEATURE:1cxx_trailing_return_types
    Feature record: CXX_FEATURE:1cxx_unicode_literals
    Feature record: CXX_FEATURE:1cxx_uniform_initialization
    Feature record: CXX_FEATURE:1cxx_unrestricted_unions
    Feature record: CXX_FEATURE:1cxx_user_literals
    Feature record: CXX_FEATURE:1cxx_variable_templates
    Feature record: CXX_FEATURE:1cxx_variadic_macros
    Feature record: CXX_FEATURE:1cxx_variadic_templates


Detecting CXX [-std=c++17] compiler features compiled with the following output:
Change Dir: /scratch/user/weiwu/435-group-proj/Sample_Sort/CMakeFiles/CMakeTmp

Run Build Command:"/usr/bin/gmake" "cmTC_e8fea/fast"
/usr/bin/gmake -f CMakeFiles/cmTC_e8fea.dir/build.make CMakeFiles/cmTC_e8fea.dir/build
gmake[1]: Entering directory `/scratch/user/weiwu/435-group-proj/Sample_Sort/CMakeFiles/CMakeTmp'
Building CXX object CMakeFiles/cmTC_e8fea.dir/feature_tests.cxx.o
/sw/eb/sw/GCCcore/8.3.0/bin/c++    -std=c++17 -o CMakeFiles/cmTC_e8fea.dir/feature_tests.cxx.o -c /scratch/user/weiwu/435-group-proj/Sample_Sort/CMakeFiles/feature_tests.cxx
Linking CXX executable cmTC_e8fea
/sw/eb/sw/CMake/3.12.1/bin/cmake -E cmake_link_script CMakeFiles/cmTC_e8fea.dir/link.txt --verbose=1
/sw/eb/sw/GCCcore/8.3.0/bin/c++       -rdynamic CMakeFiles/cmTC_e8fea.dir/feature_tests.cxx.o  -o cmTC_e8fea 
gmake[1]: Leaving directory `/scratch/user/weiwu/435-group-proj/Sample_Sort/CMakeFiles/CMakeTmp'


    Feature record: CXX_FEATURE:1cxx_aggregate_default_initializers
    Feature record: CXX_FEATURE:1cxx_alias_templates
    Feature record: CXX_FEATURE:1cxx_alignas
    Feature record: CXX_FEATURE:1cxx_alignof
    Feature record: CXX_FEATURE:1cxx_attributes
    Feature record: CXX_FEATURE:1cxx_attribute_deprecated
    Feature record: CXX_FEATURE:1cxx_auto_type
    Feature record: CXX_FEATURE:1cxx_binary_literals
    Feature record: CXX_FEATURE:1cxx_constexpr
    Feature record: CXX_FEATURE:1cxx_contextual_conversions
    Feature record: CXX_FEATURE:1cxx_decltype
    Feature record: CXX_FEATURE:1cxx_decltype_auto
    Feature record: CXX_FEATURE:1cxx_decltype_incomplete_return_types
    Feature record: CXX_FEATURE:1cxx_default_function_template_args
    Feature record: CXX_FEATURE:1cxx_defaulted_functions
    Feature record: CXX_FEATURE:1cxx_defaulted_move_initializers
    Feature record: CXX_FEATURE:1cxx_delegating_constructors
    Feature record: CXX_FEATURE:1cxx_deleted_functions
    Feature record: CXX_FEATURE:1cxx_digit_separators
    Feature record: CXX_FEATURE:1cxx_enum_forward_declarations
    Feature record: CXX_FEATURE:1cxx_explicit_conversions
    Feature record: CXX_FEATURE:1cxx_extended_friend_declarations
    Feature record: CXX_FEATURE:1cxx_extern_templates
    Feature record: CXX_FEATURE:1cxx_final
    Feature record: CXX_FEATURE:1cxx_func_identifier
    Feature record: CXX_FEATURE:1cxx_generalized_initializers
    Feature record: CXX_FEATURE:1cxx_generic_lambdas
    Feature record: CXX_FEATURE:1cxx_inheriting_constructors
    Feature record: CXX_FEATURE:1cxx_inline_namespaces
    Feature record: CXX_FEATURE:1cxx_lambdas
    Feature record: CXX_FEATURE:1cxx_lambda_init_captures
    Feature record: CXX_FEATURE:1cxx_local_type_template_args
    Feature record: CXX_FEATURE:1cxx_long_long_type
    Feature record: CXX_FEATURE:1cxx_noexcept
    Feature record: CXX_FEATURE:1cxx_nonstatic_member_init
    Feature record: CXX_FEATURE:1cxx_nullptr
    Feature record: CXX_FEATURE:1cxx_override
    Feature record: CXX_FEATURE:1cxx_range_for
    Feature record: CXX_FEATURE:1cxx_raw_string_literals
    Feature record: CXX_FEATURE:1cxx_reference_qualified_functions
    Feature record: CXX_FEATURE:1cxx_relaxed_constexpr
    Feature record: CXX_FEATURE:1cxx_return_type_deduction
    Feature record: CXX_FEATURE:1cxx_right_angle_brackets
    Feature record: CXX_FEATURE:1cxx_rvalue_references
    Feature record: CXX_FEATURE:1cxx_sizeof_member
    Feature record: CXX_FEATURE:1cxx_static_assert
    Feature record: CXX_FEATURE:1cxx_strong_enums
    Feature record: CXX_FEATURE:1cxx_template_template_parameters
    Feature record: CXX_FEATURE:1cxx_thread_local
    Feature record: CXX_FEATURE:1cxx_trailing_return_types
    Feature record: CXX_FEATURE:1cxx_unicode_literals
    Feature record: CXX_FEATURE:1cxx_uniform_initialization
    Feature record: CXX_FEATURE:1cxx_unrestricted_unions
    Feature record: CXX_FEATURE:1cxx_user_literals
    Feature record: CXX_FEATURE:1cxx_variable_templates
    Feature record: CXX_FEATURE:1cxx_variadic_macros
    Feature record: CXX_FEATURE:1cxx_variadic_templates


Detecting CXX [-std=c++14] compiler features compiled with the following output:
Change Dir: /scratch/user/weiwu/435-group-proj/Sample_Sort/CMakeFiles/CMakeTmp

Run Build Command:"/usr/bin/gmake" "cmTC_41eea/fast"
/usr/bin/gmake -f CMakeFiles/cmTC_41eea.dir/build.make CMakeFiles/cmTC_41eea.dir/build
gmake[1]: Entering directory `/scratch/user/weiwu/435-group-proj/Sample_Sort/CMakeFiles/CMakeTmp'
Building CXX object CMakeFiles/cmTC_41eea.dir/feature_tests.cxx.o
/sw/eb/sw/GCCcore/8.3.0/bin/c++    -std=c++14 -o CMakeFiles/cmTC_41eea.dir/feature_tests.cxx.o -c /scratch/user/weiwu/435-group-proj/Sample_Sort/CMakeFiles/feature_tests.cxx
Linking CXX executable cmTC_41eea
/sw/eb/sw/CMake/3.12.1/bin/cmake -E cmake_link_script CMakeFiles/cmTC_41eea.dir/link.txt --verbose=1
/sw/eb/sw/GCCcore/8.3.0/bin/c++       -rdynamic CMakeFiles/cmTC_41eea.dir/feature_tests.cxx.o  -o cmTC_41eea 
gmake[1]: Leaving directory `/scratch/user/weiwu/435-group-proj/Sample_Sort/CMakeFiles/CMakeTmp'


    Feature record: CXX_FEATURE:1cxx_aggregate_default_initializers
    Feature record: CXX_FEATURE:1cxx_alias_templates
    Feature record: CXX_FEATURE:1cxx_alignas
    Feature record: CXX_FEATURE:1cxx_alignof
    Feature record: CXX_FEATURE:1cxx_attributes
    Feature record: CXX_FEATURE:1cxx_attribute_deprecated
    Feature record: CXX_FEATURE:1cxx_auto_type
    Feature record: CXX_FEATURE:1cxx_binary_literals
    Feature record: CXX_FEATURE:1cxx_constexpr
    Feature record: CXX_FEATURE:1cxx_contextual_conversions
    Feature record: CXX_FEATURE:1cxx_decltype
    Feature record: CXX_FEATURE:1cxx_decltype_auto
    Feature record: CXX_FEATURE:1cxx_decltype_incomplete_return_types
    Feature record: CXX_FEATURE:1cxx_default_function_template_args
    Feature record: CXX_FEATURE:1cxx_defaulted_functions
    Feature record: CXX_FEATURE:1cxx_defaulted_move_initializers
    Feature record: CXX_FEATURE:1cxx_delegating_constructors
    Feature record: CXX_FEATURE:1cxx_deleted_functions
    Feature record: CXX_FEATURE:1cxx_digit_separators
    Feature record: CXX_FEATURE:1cxx_enum_forward_declarations
    Feature record: CXX_FEATURE:1cxx_explicit_conversions
    Feature record: CXX_FEATURE:1cxx_extended_friend_declarations
    Feature record: CXX_FEATURE:1cxx_extern_templates
    Feature record: CXX_FEATURE:1cxx_final
    Feature record: CXX_FEATURE:1cxx_func_identifier
    Feature record: CXX_FEATURE:1cxx_generalized_initializers
    Feature record: CXX_FEATURE:1cxx_generic_lambdas
    Feature record: CXX_FEATURE:1cxx_inheriting_constructors
    Feature record: CXX_FEATURE:1cxx_inline_namespaces
    Feature record: CXX_FEATURE:1cxx_lambdas
    Feature record: CXX_FEATURE:1cxx_lambda_init_captures
    Feature record: CXX_FEATURE:1cxx_local_type_template_args
    Feature record: CXX_FEATURE:1cxx_long_long_type
    Feature record: CXX_FEATURE:1cxx_noexcept
    Feature record: CXX_FEATURE:1cxx_nonstatic_member_init
    Feature record: CXX_FEATURE:1cxx_nullptr
    Feature record: CXX_FEATURE:1cxx_override
    Feature record: CXX_FEATURE:1cxx_range_for
    Feature record: CXX_FEATURE:1cxx_raw_string_literals
    Feature record: CXX_FEATURE:1cxx_reference_qualified_functions
    Feature record: CXX_FEATURE:1cxx_relaxed_constexpr
    Feature record: CXX_FEATURE:1cxx_return_type_deduction
    Feature record: CXX_FEATURE:1cxx_right_angle_brackets
    Feature record: CXX_FEATURE:1cxx_rvalue_references
    Feature record: CXX_FEATURE:1cxx_sizeof_member
    Feature record: CXX_FEATURE:1cxx_static_assert
    Feature record: CXX_FEATURE:1cxx_strong_enums
    Feature record: CXX_FEATURE:1cxx_template_template_parameters
    Feature record: CXX_FEATURE:1cxx_thread_local
    Feature record: CXX_FEATURE:1cxx_trailing_return_types
    Feature record: CXX_FEATURE:1cxx_unicode_literals
    Feature record: CXX_FEATURE:1cxx_uniform_initialization
    Feature record: CXX_FEATURE:1cxx_unrestricted_unions
    Feature record: CXX_FEATURE:1cxx_user_literals
    Feature record: CXX_FEATURE:1cxx_variable_templates
    Feature record: CXX_FEATURE:1cxx_variadic_macros
    Feature record: CXX_FEATURE:1cxx_variadic_templates


Detecting CXX [-std=c++11] compiler features compiled with the following output:
Change Dir: /scratch/user/weiwu/435-group-proj/Sample_Sort/CMakeFiles/CMakeTmp

Run Build Command:"/usr/bin/gmake" "cmTC_ba25f/fast"
/usr/bin/gmake -f CMakeFiles/cmTC_ba25f.dir/build.make CMakeFiles/cmTC_ba25f.dir/build
gmake[1]: Entering directory `/scratch/user/weiwu/435-group-proj/Sample_Sort/CMakeFiles/CMakeTmp'
Building CXX object CMakeFiles/cmTC_ba25f.dir/feature_tests.cxx.o
/sw/eb/sw/GCCcore/8.3.0/bin/c++    -std=c++11 -o CMakeFiles/cmTC_ba25f.dir/feature_tests.cxx.o -c /scratch/user/weiwu/435-group-proj/Sample_Sort/CMakeFiles/feature_tests.cxx
Linking CXX executable cmTC_ba25f
/sw/eb/sw/CMake/3.12.1/bin/cmake -E cmake_link_script CMakeFiles/cmTC_ba25f.dir/link.txt --verbose=1
/sw/eb/sw/GCCcore/8.3.0/bin/c++       -rdynamic CMakeFiles/cmTC_ba25f.dir/feature_tests.cxx.o  -o cmTC_ba25f 
gmake[1]: Leaving directory `/scratch/user/weiwu/435-group-proj/Sample_Sort/CMakeFiles/CMakeTmp'


    Feature record: CXX_FEATURE:0cxx_aggregate_default_initializers
    Feature record: CXX_FEATURE:1cxx_alias_templates
    Feature record: CXX_FEATURE:1cxx_alignas
    Feature record: CXX_FEATURE:1cxx_alignof
    Feature record: CXX_FEATURE:1cxx_attributes
    Feature record: CXX_FEATURE:0cxx_attribute_deprecated
    Feature record: CXX_FEATURE:1cxx_auto_type
    Feature record: CXX_FEATURE:0cxx_binary_literals
    Feature record: CXX_FEATURE:1cxx_constexpr
    Feature record: CXX_FEATURE:0cxx_contextual_conversions
    Feature record: CXX_FEATURE:1cxx_decltype
    Feature record: CXX_FEATURE:0cxx_decltype_auto
    Feature record: CXX_FEATURE:1cxx_decltype_incomplete_return_types
    Feature record: CXX_FEATURE:1cxx_default_function_template_args
    Feature record: CXX_FEATURE:1cxx_defaulted_functions
    Feature record: CXX_FEATURE:1cxx_defaulted_move_initializers
    Feature record: CXX_FEATURE:1cxx_delegating_constructors
    Feature record: CXX_FEATURE:1cxx_deleted_functions
    Feature record: CXX_FEATURE:0cxx_digit_separators
    Feature record: CXX_FEATURE:1cxx_enum_forward_declarations
    Feature record: CXX_FEATURE:1cxx_explicit_conversions
    Feature record: CXX_FEATURE:1cxx_extended_friend_declarations
    Feature record: CXX_FEATURE:1cxx_extern_templates
    Feature record: CXX_FEATURE:1cxx_final
    Feature record: CXX_FEATURE:1cxx_func_identifier
    Feature record: CXX_FEATURE:1cxx_generalized_initializers
    Feature record: CXX_FEATURE:0cxx_generic_lambdas
    Feature record: CXX_FEATURE:1cxx_inheriting_constructors
    Feature record: CXX_FEATURE:1cxx_inline_namespaces
    Feature record: CXX_FEATURE:1cxx_lambdas
    Feature record: CXX_FEATURE:0cxx_lambda_init_captures
    Feature record: CXX_FEATURE:1cxx_local_type_template_args
    Feature record: CXX_FEATURE:1cxx_long_long_type
    Feature record: CXX_FEATURE:1cxx_noexcept
    Feature record: CXX_FEATURE:1cxx_nonstatic_member_init
    Feature record: CXX_FEATURE:1cxx_nullptr
    Feature record: CXX_FEATURE:1cxx_override
    Feature record: CXX_FEATURE:1cxx_range_for
    Feature record: CXX_FEATURE:1cxx_raw_string_literals
    Feature record: CXX_FEATURE:1cxx_reference_qualified_functions
    Feature record: CXX_FEATURE:0cxx_relaxed_constexpr
    Feature record: CXX_FEATURE:0cxx_return_type_deduction
    Feature record: CXX_FEATURE:1cxx_right_angle_brackets
    Feature record: CXX_FEATURE:1cxx_rvalue_references
    Feature record: CXX_FEATURE:1cxx_sizeof_member
    Feature record: CXX_FEATURE:1cxx_static_assert
    Feature record: CXX_FEATURE:1cxx_strong_enums
    Feature record: CXX_FEATURE:1cxx_template_template_parameters
    Feature record: CXX_FEATURE:1cxx_thread_local
    Feature record: CXX_FEATURE:1cxx_trailing_return_types
    Feature record: CXX_FEATURE:1cxx_unicode_literals
    Feature record: CXX_FEATURE:1cxx_uniform_initialization
    Feature record: CXX_FEATURE:1cxx_unrestricted_unions
    Feature record: CXX_FEATURE:1cxx_user_literals
    Feature record: CXX_FEATURE:0cxx_variable_templates
    Feature record: CXX_FEATURE:1cxx_variadic_macros
    Feature record: CXX_FEATURE:1cxx_variadic_templates


Detecting CXX [-std=c++98] compiler features compiled with the following output:
Change Dir: /scratch/user/weiwu/435-group-proj/Sample_Sort/CMakeFiles/CMakeTmp

Run Build Command:"/usr/bin/gmake" "cmTC_9708b/fast"
/usr/bin/gmake -f CMakeFiles/cmTC_9708b.dir/build.make CMakeFiles/cmTC_9708b.dir/build
gmake[1]: Entering directory `/scratch/user/weiwu/435-group-proj/Sample_Sort/CMakeFiles/CMakeTmp'
Building CXX object CMakeFiles/cmTC_9708b.dir/feature_tests.cxx.o
/sw/eb/sw/GCCcore/8.3.0/bin/c++    -std=c++98 -o CMakeFiles/cmTC_9708b.dir/feature_tests.cxx.o -c /scratch/user/weiwu/435-group-proj/Sample_Sort/CMakeFiles/feature_tests.cxx
Linking CXX executable cmTC_9708b
/sw/eb/sw/CMake/3.12.1/bin/cmake -E cmake_link_script CMakeFiles/cmTC_9708b.dir/link.txt --verbose=1
/sw/eb/sw/GCCcore/8.3.0/bin/c++       -rdynamic CMakeFiles/cmTC_9708b.dir/feature_tests.cxx.o  -o cmTC_9708b 
gmake[1]: Leaving directory `/scratch/user/weiwu/435-group-proj/Sample_Sort/CMakeFiles/CMakeTmp'


    Feature record: CXX_FEATURE:0cxx_aggregate_default_initializers
    Feature record: CXX_FEATURE:0cxx_alias_templates
    Feature record: CXX_FEATURE:0cxx_alignas
    Feature record: CXX_FEATURE:0cxx_alignof
    Feature record: CXX_FEATURE:0cxx_attributes
    Feature record: CXX_FEATURE:0cxx_attribute_deprecated
    Feature record: CXX_FEATURE:0cxx_auto_type
    Feature record: CXX_FEATURE:0cxx_binary_literals
    Feature record: CXX_FEATURE:0cxx_constexpr
    Feature record: CXX_FEATURE:0cxx_contextual_conversions
    Feature record: CXX_FEATURE:0cxx_decltype
    Feature record: CXX_FEATURE:0cxx_decltype_auto
    Feature record: CXX_FEATURE:0cxx_decltype_incomplete_return_types
    Feature record: CXX_FEATURE:0cxx_default_function_template_args
    Feature record: CXX_FEATURE:0cxx_defaulted_functions
    Feature record: CXX_FEATURE:0cxx_defaulted_move_initializers
    Feature record: CXX_FEATURE:0cxx_delegating_constructors
    Feature record: CXX_FEATURE:0cxx_deleted_functions
    Feature record: CXX_FEATURE:0cxx_digit_separators
    Feature record: CXX_FEATURE:0cxx_enum_forward_declarations
    Feature record: CXX_FEATURE:0cxx_explicit_conversions
    Feature record: CXX_FEATURE:0cxx_extended_friend_declarations
    Feature record: CXX_FEATURE:0cxx_extern_templates
    Feature record: CXX_FEATURE:0cxx_final
    Feature record: CXX_FEATURE:0cxx_func_identifier
    Feature record: CXX_FEATURE:0cxx_generalized_initializers
    Feature record: CXX_FEATURE:0cxx_generic_lambdas
    Feature record: CXX_FEATURE:0cxx_inheriting_constructors
    Feature record: CXX_FEATURE:0cxx_inline_namespaces
    Feature record: CXX_FEATURE:0cxx_lambdas
    Feature record: CXX_FEATURE:0cxx_lambda_init_captures
    Feature record: CXX_FEATURE:0cxx_local_type_template_args
    Feature record: CXX_FEATURE:0cxx_long_long_type
    Feature record: CXX_FEATURE:0cxx_noexcept
    Feature record: CXX_FEATURE:0cxx_nonstatic_member_init
    Feature record: CXX_FEATURE:0cxx_nullptr
    Feature record: CXX_FEATURE:0cxx_override
    Feature record: CXX_FEATURE:0cxx_range_for
    Feature record: CXX_FEATURE:0cxx_raw_string_literals
    Feature record: CXX_FEATURE:0cxx_reference_qualified_functions
    Feature record: CXX_FEATURE:0cxx_relaxed_constexpr
    Feature record: CXX_FEATURE:0cxx_return_type_deduction
    Feature record: CXX_FEATURE:0cxx_right_angle_brackets
    Feature record: CXX_FEATURE:0cxx_rvalue_references
    Feature record: CXX_FEATURE:0cxx_sizeof_member
    Feature record: CXX_FEATURE:0cxx_static_assert
    Feature record: CXX_FEATURE:0cxx_strong_enums
    Feature record: CXX_FEATURE:1cxx_template_template_parameters
    Feature record: CXX_FEATURE:0cxx_thread_local
    Feature record: CXX_FEATURE:0cxx_trailing_return_types
    Feature record: CXX_FEATURE:0cxx_unicode_literals
    Feature record: CXX_FEATURE:0cxx_uniform_initialization
    Feature record: CXX_FEATURE:0cxx_unrestricted_unions
    Feature record: CXX_FEATURE:0cxx_user_literals
    Feature record: CXX_FEATURE:0cxx_variable_templates
    Feature record: CXX_FEATURE:0cxx_variadic_macros
    Feature record: CXX_FEATURE:0cxx_variadic_templates
